Synthesis report
Mon Jul  6 08:24:37 2026
Quartus Prime Version 26.1.0 Build 110 03/26/2026 SC Pro Edition


---------------------
; Table of Contents ;
---------------------
  1. Legal Notice
  2. Synthesis Summary
  3. Synthesis Settings
  4. Synthesis Source Files Read
  5. Synthesis Partition Summary
---- Analysis & Elaboration Stage Reports ----
---- Logic Synthesis Stage Reports ----
       6. Partition "root_partition" Resource Utilization by Entity
       7. General Register Statistics for Partition "root_partition"
       8. Post-Synthesis Netlist Statistics for Partition "root_partition"
       9. Synthesis Resource Usage Summary for Partition "root_partition"
 10. General Warnings
 11. Synthesis Messages



----------------
; Legal Notice ;
----------------
Copyright (C) 2026  Altera Corporation. All rights reserved.
Your use of Altera Corporation's design tools, logic functions 
and other software and tools, and any partner logic 
functions, and any output files from any of the foregoing 
(including device programming or simulation files), and any 
associated documentation or information are expressly subject 
to the terms and conditions of the Altera Program License 
Subscription Agreement, the Altera Quartus Prime License Agreement,
the Altera IP License Agreement, or other applicable license
agreement, including, without limitation, that your use is for
the sole purpose of programming logic devices manufactured by
Altera and sold by Altera or its authorized distributors.  Please
refer to the Altera Software License Subscription Agreements 
on the Quartus Prime software download page.



+-----------------------------------------------------------------------------------+
; Synthesis Summary                                                                 ;
+--------------------------------------+--------------------------------------------+
; Synthesis Status                     ; Successful - Mon Jul  6 08:24:36 2026      ;
; Revision Name                        ; Assignment1DHL                             ;
; Top-level Entity Name                ; Assignment1DHL                             ;
; Family                               ; Agilex 5                                   ;
; Quartus Prime Version                ; 26.1.0 Build 110 03/26/2026 SC Pro Edition ;
; Device                               ; A5EC065BB32AE4S                            ;
; Logic utilization estimate (in ALMs) ; 0 / 222,400 ( 0 % )                        ;
; Total dedicated logic registers      ; 0                                          ;
; Estimated DSP Blocks Post-Merging    ; 0                                          ;
+--------------------------------------+--------------------------------------------+


+--------------------------------------------------------------------------------------------------------------------------------------------------+
; Synthesis Settings                                                                                                                               ;
+----------------------------------------------------------------------------------------------+-------------------------+-------------------------+
; Option                                                                                       ; Setting                 ; Default Value           ;
+----------------------------------------------------------------------------------------------+-------------------------+-------------------------+
; Device                                                                                       ; A5EC065BB32AE4S         ;                         ;
; Top-level entity name                                                                        ; Assignment1DHL          ; Assignment1DHL          ;
; Family name                                                                                  ; Agilex 5                ; Cyclone 10 GX           ;
; Enable parallel Assembler and Timing Analyzer during compilation                             ; On                      ; On                      ;
; Enable compact report table                                                                  ; Off                     ; Off                     ;
; Enable Design Assistant in the compilation flow                                              ; On                      ; On                      ;
; Design Assistant include IP blocks                                                           ; Off                     ; Off                     ;
; High fanout net threshold for RAM inference                                                  ; 15                      ; 15                      ;
; Design Assistant limit on reported violations per rule                                       ; 5000                    ; 5000                    ;
; Optimization Mode                                                                            ; Balanced                ; Balanced                ;
; Allow Register Retiming                                                                      ; On                      ; On                      ;
; Allow RAM Retiming                                                                           ; On                      ; On                      ;
; Allow DSP Retiming                                                                           ; On                      ; On                      ;
; Restructure Multiplexers                                                                     ; Auto                    ; Auto                    ;
; Waive gated clock synchronizer check                                                         ; On                      ; On                      ;
; (DEPRECATED) MLAB Add Timing Constraints For Mixed-Port Feed-Through Mode Setting Don't Care ; Off                     ; Off                     ;
; Preserve fewer node names                                                                    ; On                      ; On                      ;
; Altera FPGA IP Evaluation Mode                                                               ; Enable                  ; Enable                  ;
; Verilog Version                                                                              ; Verilog_2001            ; Verilog_2001            ;
; VHDL Version                                                                                 ; VHDL_1993               ; VHDL_1993               ;
; State Machine Processing                                                                     ; Auto                    ; Auto                    ;
; Safe State Machine                                                                           ; Auto                    ; Auto                    ;
; Iteration limit for constant Verilog loops                                                   ; 5000                    ; 5000                    ;
; Iteration limit for non-constant Verilog loops                                               ; 250                     ; 250                     ;
; Infer RAMs from Raw Logic                                                                    ; On                      ; On                      ;
; DSP Action on miss                                                                           ; Ignore                  ; Ignore                  ;
; DSP Block Balancing                                                                          ; Auto                    ; Auto                    ;
; NOT Gate Push-Back                                                                           ; On                      ; On                      ;
; Power-Up Don't Care                                                                          ; On                      ; On                      ;
; Remove Redundant Logic Cells                                                                 ; Off                     ; Off                     ;
; Remove Duplicate Registers                                                                   ; On                      ; On                      ;
; Ignore GLOBAL Buffers                                                                        ; Off                     ; Off                     ;
; Ignore LCELL Buffers                                                                         ; Off                     ; Off                     ;
; Ignore SOFT Buffers                                                                          ; On                      ; On                      ;
; Optimization Technique                                                                       ; Balanced                ; Balanced                ;
; Auto Open-Drain Pins                                                                         ; Off                     ; Off                     ;
; Perform WYSIWYG Primitive Resynthesis                                                        ; Off                     ; Off                     ;
; Auto ROM Replacement                                                                         ; On                      ; On                      ;
; Auto RAM Replacement                                                                         ; On                      ; On                      ;
; Auto DSP Block Replacement                                                                   ; On                      ; On                      ;
; Auto Shift Register Replacement                                                              ; Auto                    ; Auto                    ;
; Allow Shift Register Merging across Hierarchies                                              ; Auto                    ; Auto                    ;
; Physical Shift Register Inference                                                            ; On                      ; On                      ;
; Auto Clock Enable Replacement                                                                ; On                      ; On                      ;
; Strict RAM Replacement                                                                       ; Off                     ; Off                     ;
; Allow Synchronous Control Signals                                                            ; On                      ; On                      ;
; Force Use of Synchronous Clear Signals                                                       ; Off                     ; Off                     ;
; Auto Resource Sharing                                                                        ; Off                     ; Off                     ;
; Allow Any RAM Size For Recognition                                                           ; Off                     ; Off                     ;
; Allow Any Shift Register Size For Recognition                                                ; Off                     ; Off                     ;
; Ignore translate_off and synthesis_off directives                                            ; Off                     ; Off                     ;
; Report Propagation of Constraints                                                            ; On                      ; On                      ;
; Ignore Maximum Fan-Out Assignments                                                           ; Off                     ; Off                     ;
; Maximum Synchronizer Length Protected during Optimization                                    ; 3                       ; 3                       ;
; Power Optimization During Synthesis                                                          ; Normal compilation      ; Normal compilation      ;
; HDL message level                                                                            ; Level2                  ; Level2                  ;
; Number of Protected Registers Reported in Synthesis Report                                   ; 100                     ; 100                     ;
; Number of Removed Registers Reported in Synthesis Report                                     ; 5000                    ; 5000                    ;
; Number of Optimized Away Hierarchies Reported in Synthesis Report                            ; 100                     ; 100                     ;
; Number of Top Root Causes Reported in Synthesis Report                                       ; 10                      ; 10                      ;
; Group Identical Hierarchies in Optimized Away Hierarchies Report                             ; On                      ; On                      ;
; Number of Swept Nodes Reported in Synthesis Report                                           ; 5000                    ; 5000                    ;
; Number of Inverted Registers Reported in Synthesis Report                                    ; 100                     ; 100                     ;
; Clock MUX Protection                                                                         ; On                      ; On                      ;
; Auto Gated Clock Conversion                                                                  ; Off                     ; Off                     ;
; Block Design Naming                                                                          ; Auto                    ; Auto                    ;
; SDC constraint protection                                                                    ; Off                     ; Off                     ;
; Optimization and Constraint Precedence                                                       ; Prioritize Optimization ; Prioritize Optimization ;
; Synthesis Effort                                                                             ; Auto                    ; Auto                    ;
; Shift Register Replacement - Allow Asynchronous Clear Signal                                 ; On                      ; On                      ;
; Analysis & Synthesis Message Level                                                           ; Medium                  ; Medium                  ;
; Disable Register Merging Across Hierarchies                                                  ; Auto                    ; Auto                    ;
; Resource Aware Inference For Block RAM                                                       ; On                      ; On                      ;
; Automatic Parallel Synthesis                                                                 ; On                      ; On                      ;
; Partial Reconfiguration Bitstream ID                                                         ; Off                     ; Off                     ;
; Disable DSP Negate Inferencing                                                               ; Off                     ; Off                     ;
; Report Parameter Settings                                                                    ; On                      ; On                      ;
; Report Parameter Settings to ASCII                                                           ; On                      ; On                      ;
; Report Source Assignments                                                                    ; On                      ; On                      ;
; Report Source Assignments to ASCII                                                           ; On                      ; On                      ;
; Report Resource Utilization by Entity to ASCII                                               ; On                      ; On                      ;
; Size of the Latch Report                                                                     ; 100                     ; 100                     ;
; Enable VHDL static assertion support                                                         ; Off                     ; Off                     ;
; Enable SystemVerilog static assertion support                                                ; Off                     ; Off                     ;
; Enable State Machines Inference                                                              ; On                      ; On                      ;
; Allow RAMs Inferred In Generate-For Loop For Verilog                                         ; Off                     ; Off                     ;
; Enable formal verification support during compilation                                        ; Off                     ; Off                     ;
; Size of the PR Initial Conditions Report                                                     ; 100                     ; 100                     ;
; Number of Registers with Ignored Power-Up Settings Reported in Synthesis Report              ; 500                     ; 500                     ;
; Report PR Initial Values as Errors                                                           ; Off                     ; Off                     ;
; Fractal Synthesis                                                                            ; Off                     ; Off                     ;
; Aggressive Multiplexer Area Optimization                                                     ; Auto                    ; Auto                    ;
; 6LUT to Extended Mode Conversion                                                             ; Auto                    ; Auto                    ;
; Synthesis Available Resource Multiplier                                                      ; 1                       ; 1                       ;
; Message Level for Unconnected Output Ports                                                   ; Warning                 ; Warning                 ;
; Pack Barrelshifters into Carry Chains for Better Area                                        ; Auto                    ; Auto                    ;
; Initialize Verilog enums to X                                                                ; Off                     ; Off                     ;
; Enable dynamic report                                                                        ; Off                     ; Off                     ;
; Show Collapsible Rows in Ascii Report for Warning Summary Reports                            ; On                      ; On                      ;
; Enable RTL Analysis Debug Mode                                                               ; Off                     ; Off                     ;
; Enable preserve for debug assignments                                                        ; Off                     ; Off                     ;
+----------------------------------------------------------------------------------------------+-------------------------+-------------------------+


+------------------------------------------------------------------------------------------------------------------------------------------------------------------------------------------------------------------+
; Synthesis Source Files Read                                                                                                                                                                                      ;
+----------------------------------+----------------------------------+-------------------------------------------------------------------+---------+-----------+---------------+----------------------------------+
; File Name with User-Entered Path ; File Type                        ; File Name with Absolute Path                                      ; Library ; IP Source ; Include Files ; MD5                              ;
+----------------------------------+----------------------------------+-------------------------------------------------------------------+---------+-----------+---------------+----------------------------------+
; Assignment1DHL.v                 ; User-Specified Verilog HDL File  ; C:/Users/noone/Quartus/project1/Assignment 1 DHL/Assignment1DHL.v ;         ;           ;               ; 1b2eb30d1ddc0ab2680de485a5319c30 ;
; Verilog2.v                       ; User-Specified Verilog HDL File  ; C:/Users/noone/Quartus/project1/Assignment 1 DHL/Verilog2.v       ;         ;           ;               ; 933fabff1317a7fca0150c059a1fd493 ;
+----------------------------------+----------------------------------+-------------------------------------------------------------------+---------+-----------+---------------+----------------------------------+


+--------------------------------------------------------------------------------------------+
; Synthesis Partition Summary                                                                ;
+----------------+----------------+---------+--------------+-------+-------------------------+
; Partition Name ; Hierarchy Path ; Type    ; Preservation ; Empty ; Partition Database File ;
+----------------+----------------+---------+--------------+-------+-------------------------+
; root_partition ; |              ; Default ;              ;       ;                         ;
+----------------+----------------+---------+--------------+-------+-------------------------+


+----------------------------------------------------------------------------------------------------------------------------------------------------------------------------------------+
; Partition "root_partition" Resource Utilization by Entity                                                                                                                              ;
+----------------------------+---------------------+---------------------------+-------------------+------------+------+-----------+---------------------+----------------+--------------+
; Compilation Hierarchy Node ; Combinational ALUTs ; Dedicated Logic Registers ; Block Memory Bits ; DSP Blocks ; Pins ; Max Depth ; Full Hierarchy Name ; Entity Name    ; Library Name ;
+----------------------------+---------------------+---------------------------+-------------------+------------+------+-----------+---------------------+----------------+--------------+
; |                          ; 1 (1)               ; 0 (0)                     ; 0                 ; 0          ; 2    ; 1.0 (1.0) ; |                   ; Assignment1DHL ; altera_work  ;
+----------------------------+---------------------+---------------------------+-------------------+------------+------+-----------+---------------------+----------------+--------------+
Note: For table entries with two numbers listed, the numbers in parentheses indicate the number of resources of the given type used by the specific entity alone. The numbers listed outside of parentheses indicate the total resources of the given type used by the specific entity and all of its sub-entities in the hierarchy.


+------------------------------------------------------------+
; General Register Statistics for Partition "root_partition" ;
+----------------------------------------------+-------------+
; Statistic                                    ; Value       ;
+----------------------------------------------+-------------+
; Total registers                              ; 0           ;
; Number of registers using Synchronous Clear  ; 0           ;
; Number of registers using Synchronous Load   ; 0           ;
; Number of registers using Asynchronous Clear ; 0           ;
; Number of registers using Asynchronous Load  ; 0           ;
; Number of registers using Clock Enable       ; 0           ;
; Number of registers using Preset             ; 0           ;
+----------------------------------------------+-------------+


+------------------------------------------------------------------+
; Post-Synthesis Netlist Statistics for Partition "root_partition" ;
+------------------------+-----------------------------------------+
; Type                   ; Count                                   ;
+------------------------+-----------------------------------------+
; boundary_port          ; 2                                       ;
; tennm_lcell_comb       ; 1                                       ;
;     normal             ; 1                                       ;
;         1 data inputs  ; 1                                       ;
;                        ;                                         ;
; Number of carry chains ; 0                                       ;
; Max carry chain length ; 0                                       ;
;                        ;                                         ;
; Max LUT depth          ; 1.00                                    ;
; Average LUT depth      ; 1.00                                    ;
+------------------------+-----------------------------------------+


+-----------------------------------------------------------------+
; Synthesis Resource Usage Summary for Partition "root_partition" ;
+---------------------------------------------+-------------------+
; Resource                                    ; Usage             ;
+---------------------------------------------+-------------------+
; Estimate of Logic utilization (ALMs needed) ; 0                 ;
;                                             ;                   ;
; Combinational ALUT usage for logic          ; 1                 ;
;     -- 8 input functions                    ; 0                 ;
;     -- 7 input functions                    ; 0                 ;
;     -- 6 input functions                    ; 0                 ;
;     -- 5 input functions                    ; 0                 ;
;     -- 4 input functions                    ; 0                 ;
;     -- <=3 input functions                  ; 1                 ;
;                                             ;                   ;
; Dedicated logic registers                   ; 0                 ;
;                                             ;                   ;
; I/O pins                                    ; 2                 ;
;                                             ;                   ;
; Total DSP Blocks                            ; 0                 ;
;     -- [A] Total Fixed Point DSP Blocks     ; 0                 ;
;     -- [B] Total Floating Point DSP Blocks  ; 0                 ;
;     -- [C] Total DSP_PRIME Blocks           ; 0                 ;
;                                             ;                   ;
; Maximum fan-out node                        ; in_bit            ;
; Maximum fan-out                             ; 1                 ;
; Total fan-out                               ; 2                 ;
; Average fan-out                             ; 0.67              ;
+---------------------------------------------+-------------------+


+----------------------------------------------------------------------------------------------------------------------------------------------------------------------------------------------------------------------------------------------------------------------------------------------+
; General Warnings                                                                                                                                                                                                                                                                             ;
+------------+------------------+-------+------------------------------------------------------------------------------------------------------------------------------------------------------------------------------------------------------------------------------------------------------+
; Message ID ; Severity         ; Count ; Sample Warning                                                                                                                                                                                                                                       ;
+------------+------------------+-------+------------------------------------------------------------------------------------------------------------------------------------------------------------------------------------------------------------------------------------------------------+
; 20759      ; Critical Warning ; 1     ; Use the Reset Release IP in Agilex 5 designs to ensure a successful configuration. For more information about the Reset Release IP, refer to the Configuration User Guide.                                                                           ;
; 21620      ; Warning          ; 1     ; Design Assistant Results: 1 of 1 High severity rules issued violations in snapshot 'partitioned'. Please refer to DRC report 'C:/Users/noone/Quartus/project1/Assignment 1 DHL/output_files/Assignment1DHL.drc.partitioned.rpt' for more information ;
+------------+------------------+-------+------------------------------------------------------------------------------------------------------------------------------------------------------------------------------------------------------------------------------------------------------+


+--------------------+
; Synthesis Messages ;
+--------------------+
Info: *******************************************************************
Info: Running Quartus Prime Synthesis
    Info: Version 26.1.0 Build 110 03/26/2026 SC Pro Edition
    Info: Processing started: Mon Jul  6 08:24:26 2026
    Info: System process ID: 3888
Info: Command: quartus_syn --read_settings_files=on --write_settings_files=off --analysis_and_elaboration Assignment1DHL -c Assignment1DHL --synthesis
Info: qis_default_flow_script.tcl version: #1
Info: Initializing Synthesis...
Info: Project = "Assignment1DHL"
Info: Revision = "Assignment1DHL"
Info (21958): Initialized Quartus Message Database
Info: Analyzing source files
Critical Warning (20759): Use the Reset Release IP in Agilex 5 designs to ensure a successful configuration. For more information about the Reset Release IP, refer to the Configuration User Guide.
Info: Elaborating from top-level entity "Assignment1DHL"
Info: Found 2 design entities
Info: There are 1 partitions after elaboration.
Info: Running rule checking for Agilex5 protocol IPs...
Info: DA report generation in native DNI mode
Info (21615): Running Design Assistant Rules for snapshot 'partitioned'
Info: No waiver waived any violations
Info (22360): Design Assistant Results: 28 of 29 enabled rules passed, and 1 rules was disabled, in snapshot 'partitioned'
Info (21660): Design Assistant Results: 0 of 19 Critical severity rules issued violations in snapshot 'partitioned'
Warning (21620): Design Assistant Results: 1 of 1 High severity rules issued violations in snapshot 'partitioned'. Please refer to DRC report 'C:/Users/noone/Quartus/project1/Assignment 1 DHL/output_files/Assignment1DHL.drc.partitioned.rpt' for more information
Info (21621): Design Assistant Results: 0 of 1 Medium severity rules issued violations in snapshot 'partitioned'
Info (21622): Design Assistant Results: 0 of 8 Low severity rules issued violations in snapshot 'partitioned'
Info: Synthesizing partition "root_partition"
Info (21057): Implemented 3 device resources after synthesis - the final resource count might be different
    Info (21058): Implemented 1 input pins
    Info (21059): Implemented 1 output pins
    Info (21061): Implemented 1 logic cells
Info: Successfully synthesized partition
Info: Saving post-synthesis snapshots for 1 partition(s)
Info (21615): Running Design Assistant Rules for snapshot 'synthesized'
Info: No waiver waived any violations
Info (22360): Design Assistant Results: 13 of 13 enabled rules passed, and 7 rules was disabled, in snapshot 'synthesized'
Info (21661): Design Assistant Results: 0 of 1 High severity rules issued violations in snapshot 'synthesized'
Info (21621): Design Assistant Results: 0 of 6 Medium severity rules issued violations in snapshot 'synthesized'
Info (21622): Design Assistant Results: 0 of 6 Low severity rules issued violations in snapshot 'synthesized'
Info: Quartus Prime Synthesis was successful. 0 errors, 1 warning
    Info: Peak virtual memory: 825 megabytes
    Info: Processing ended: Mon Jul  6 08:24:37 2026
    Info: Elapsed time: 00:00:11
    Info: System process ID: 3888


