Fitter Retime Stage Report for Assignment1DHL
Mon Jul  6 08:30:36 2026
Quartus Prime Version 26.1.0 Build 110 03/26/2026 SC Pro Edition


---------------------
; Table of Contents ;
---------------------
  1. Legal Notice
  2. Hyper-Retimer Settings
  3. Reset Sequence Requirement
  4. Retiming Limit Summary
  5. Retime Messages



----------------
; Legal Notice ;
----------------
Copyright (C) 2026  Altera Corporation. All rights reserved.
Your use of Altera Corporation's design tools, logic functions 
and other software and tools, and any partner logic 
functions, and any output files from any of the foregoing 
(including device programming or simulation files), and any 
associated documentation or information are expressly subject 
to the terms and conditions of the Altera Program License 
Subscription Agreement, the Altera Quartus Prime License Agreement,
the Altera IP License Agreement, or other applicable license
agreement, including, without limitation, that your use is for
the sole purpose of programming logic devices manufactured by
Altera and sold by Altera or its authorized distributors.  Please
refer to the Altera Software License Subscription Agreements 
on the Quartus Prime software download page.



+--------------------------------------------------+
; Hyper-Retimer Settings                           ;
+------------------------+---------+---------------+
; Option                 ; Setting ; Default Value ;
+------------------------+---------+---------------+
; Enable Auto-Pipelining ; On      ; On            ;
+------------------------+---------+---------------+


+------------------------------------------+
; Reset Sequence Requirement               ;
+------------+-----------------------------+
; Clock Name ; Number of additional cycles ;
+------------+-----------------------------+
Note: Due to retiming optimizations, a clock domain may require a longer reset sequence to ensure correct functionality.  The table above indicates the minimum number of additional reset sequence cycles needed for each clock domain.


+---------------------------------------------------+
; Retiming Limit Summary                            ;
+----------------+-----------------+----------------+
; Clock Transfer ; Limiting Reason ; Recommendation ;
+----------------+-----------------+----------------+


+-----------------+
; Retime Messages ;
+-----------------+
Info (20030): Parallel compilation is enabled and will use 4 of the 4 processors detected
Info: *******************************************************************
Info: Running Quartus Prime Fitter
    Info: Version 26.1.0 Build 110 03/26/2026 SC Pro Edition
    Info: Processing started: Mon Jul  6 08:24:40 2026
    Info: System process ID: 9548
Info: Command: quartus_fit --read_settings_files=on --write_settings_files=off Assignment1DHL -c Assignment1DHL
Info: qfit2_default_script.tcl version: #1
Info: Project  = Assignment1DHL
Info: Revision = Assignment1DHL
Info (17966): Starting Hyper-Retimer operations.
Info (18914): The Hyper-Retimer was unable to optimize the design due to retiming restrictions. Run Fast Forward Timing Closure Recommendations to see step-by-step suggestions for design changes and show the estimated performance improvement from making these changes.
Info (17968): Completed Hyper-Retimer operations.
Info (18821): Fitter Hyper-Retimer operations ending: elapsed time is 00:00:01


