EDA Netlist Writer report for Assignment1DHL
Mon Jul  6 11:23:20 2026
Quartus Prime Version 26.1.0 Build 110 03/26/2026 SC Pro Edition


---------------------
; Table of Contents ;
---------------------
  1. Legal Notice
  2. EDA Netlist Writer Summary
  3. EDA Netlist Writer Messages



----------------
; Legal Notice ;
----------------
Copyright (C) 2026  Altera Corporation. All rights reserved.
Your use of Altera Corporation's design tools, logic functions 
and other software and tools, and any partner logic 
functions, and any output files from any of the foregoing 
(including device programming or simulation files), and any 
associated documentation or information are expressly subject 
to the terms and conditions of the Altera Program License 
Subscription Agreement, the Altera Quartus Prime License Agreement,
the Altera IP License Agreement, or other applicable license
agreement, including, without limitation, that your use is for
the sole purpose of programming logic devices manufactured by
Altera and sold by Altera or its authorized distributors.  Please
refer to the Altera Software License Subscription Agreements 
on the Quartus Prime software download page.



+-------------------------------------------------------------------+
; EDA Netlist Writer Summary                                        ;
+---------------------------+---------------------------------------+
; EDA Netlist Writer Status ; Successful - Mon Jul  6 11:23:20 2026 ;
; Revision Name             ; Assignment1DHL                        ;
; Top-level Entity Name     ; Assignment1DHL                        ;
; Family                    ; Agilex 5                              ;
+---------------------------+---------------------------------------+


+-----------------------------+
; EDA Netlist Writer Messages ;
+-----------------------------+
Info: *******************************************************************
Info: Running Quartus Prime EDA Netlist Writer
    Info: Version 26.1.0 Build 110 03/26/2026 SC Pro Edition
    Info: Processing started: Mon Jul  6 11:23:14 2026
    Info: System process ID: 17792
Info: Command: quartus_eda --read_settings_files=on --write_settings_files=off Assignment1DHL -c Assignment1DHL --gen_testbench
Info (16677): Loading final database.
Info (16734): Loading "final" snapshot for partition "root_partition".
Info (16678): Successfully loaded final database: elapsed time is 00:00:05.
Info (201000): Generated Verilog Test Bench File C:/Users/noone/Quartus/project1/Assignment 1 DHL/simulation/questa/Assignment1DHL.vt for simulation
Info: Quartus Prime EDA Netlist Writer was successful. 0 errors, 0 warnings
    Info: Peak virtual memory: 1044 megabytes
    Info: Processing ended: Mon Jul  6 11:23:20 2026
    Info: Elapsed time: 00:00:06
    Info: System process ID: 17792


